events.js:141
      throw er; // Unhandled 'error' event
      ^

Error: listen EADDRINUSE :::5000
    at Object.exports._errnoException (util.js:873:11)
    at exports._exceptionWithHostPort (util.js:896:20)
    at Server._listen2 (net.js:1250:14)
    at listen (net.js:1286:10)
    at Server.listen (net.js:1382:5)
    at EventEmitter.listen (/Users/carloseduardoolivera/Desktop/blooming-headland-84997/node_modules/express/lib/application.js:617:24)
    at Object.<anonymous> (/Users/carloseduardoolivera/Desktop/blooming-headland-84997/app_config.js:23:5)
    at Module._compile (module.js:409:26)
    at Object.Module._extensions..js (module.js:416:10)
    at Module.load (module.js:343:32)
    at Function.Module._load (module.js:300:12)
    at Module.require (module.js:353:17)
    at require (internal/module.js:12:17)
    at Object.<anonymous> (/Users/carloseduardoolivera/Desktop/blooming-headland-84997/app.js:1:73)
    at Module._compile (module.js:409:26)
    at Object.Module._extensions..js (module.js:416:10)
events.js:141
      throw er; // Unhandled 'error' event
      ^

Error: listen EADDRINUSE :::5000
    at Object.exports._errnoException (util.js:873:11)
    at exports._exceptionWithHostPort (util.js:896:20)
    at Server._listen2 (net.js:1250:14)
    at listen (net.js:1286:10)
    at Server.listen (net.js:1382:5)
    at EventEmitter.listen (/Users/carloseduardoolivera/Desktop/blooming-headland-84997/node_modules/express/lib/application.js:617:24)
    at Object.<anonymous> (/Users/carloseduardoolivera/Desktop/blooming-headland-84997/app_config.js:23:5)
    at Module._compile (module.js:409:26)
    at Object.Module._extensions..js (module.js:416:10)
    at Module.load (module.js:343:32)
    at Function.Module._load (module.js:300:12)
    at Module.require (module.js:353:17)
    at require (internal/module.js:12:17)
    at Object.<anonymous> (/Users/carloseduardoolivera/Desktop/blooming-headland-84997/app.js:1:73)
    at Module._compile (module.js:409:26)
    at Object.Module._extensions..js (module.js:416:10)
